<?xml version="1.0" encoding="UTF-8"?>
<!-- Generated by org.testng.reporters.JUnitReportReporter -->
<testsuite hostname="DESKTOP-NUIJU8C" failures="0" tests="2" name="tests.LoginPageTest" time="7.568" errors="0" timestamp="2022-03-21T07:04:04 IST" skipped="0">
  <testcase classname="tests.LoginPageTest" name="ValidLoginTest" time="4.253"/>
  <system-out/>
  <testcase classname="tests.LoginPageTest" name="InvalidLoginTest" time="3.315"/>
  <system-out/>
</testsuite> <!-- tests.LoginPageTest -->
