<?xml version="1.0" encoding="UTF-8"?>
<!-- Generated by org.testng.reporters.JUnitReportReporter -->
<testsuite hostname="DESKTOP-NUIJU8C" failures="0" tests="1" name="tests.SearchItemPageTest" time="10.554" errors="0" timestamp="2022-07-08T13:32:23 IST" skipped="0">
  <testcase classname="tests.SearchItemPageTest" name="addHighPricedItemTest" time="10.554"/>
  <system-out/>
</testsuite> <!-- tests.SearchItemPageTest -->
