<?xml version="1.0" encoding="UTF-8"?>
<!-- Generated by org.testng.reporters.JUnitReportReporter -->
<testsuite hostname="DESKTOP-NUIJU8C" failures="0" tests="2" name="tests.LoginPageTest" time="11.194" errors="0" timestamp="2022-07-06T12:46:56 IST" skipped="0">
  <testcase classname="tests.LoginPageTest" name="ValidLoginTest" time="8.181"/>
  <system-out/>
  <testcase classname="tests.LoginPageTest" name="InvalidLoginTest" time="3.013"/>
  <system-out/>
</testsuite> <!-- tests.LoginPageTest -->
